<?xml version="1.0" encoding="UTF-8"?>
<testsuite name="Tests" tests="2" skipped="0" failures="0" errors="0" timestamp="2025-09-20T10:03:22" hostname="/0:0:0:0:0:0:0:1%lo" time="0.083">
  <properties/>
  <testcase name="test" classname="Tests" time="0.008"/>
  <testcase name="testCoords" classname="Tests" time="0.074"/>
  <system-out><![CDATA[]]></system-out>
  <system-err><![CDATA[]]></system-err>
</testsuite>
